<?xml version="1.0" encoding="UTF-8"?>
<testng-results ignored="0" total="1" passed="1" failed="0" skipped="0">
  <reporter-output>
  </reporter-output>
  <suite started-at="2026-07-13T12:02:08 IST" name="Suite" finished-at="2026-07-13T12:02:19 IST" duration-ms="11400">
    <groups>
    </groups>
    <test started-at="2026-07-13T12:02:08 IST" name="Test" finished-at="2026-07-13T12:02:19 IST" duration-ms="11400">
      <class name="testscript.ManageNewsTest">
        <test-method is-config="true" signature="initialisebrowser(java.lang.String)[pri:0, instance:testscript.ManageNewsTest@46d59067]" started-at="2026-07-13T12:02:08 IST" name="initialisebrowser" finished-at="2026-07-13T12:02:15 IST" duration-ms="7130" status="PASS">
          <params>
            <param index="0">
              <value>
                <![CDATA[Chrome]]>
              </value>
            </param>
          </params>
          <reporter-output>
          </reporter-output>
        </test-method> <!-- initialisebrowser -->
        <test-method signature="createNewManageNews()[pri:0, instance:testscript.ManageNewsTest@46d59067]" started-at="2026-07-13T12:02:15 IST" name="createNewManageNews" finished-at="2026-07-13T12:02:19 IST" duration-ms="3881" status="PASS">
          <reporter-output>
          </reporter-output>
        </test-method> <!-- createNewManageNews -->
        <test-method is-config="true" signature="browserQuit(org.testng.ITestResult)[pri:0, instance:testscript.ManageNewsTest@46d59067]" started-at="2026-07-13T12:02:19 IST" name="browserQuit" finished-at="2026-07-13T12:02:19 IST" duration-ms="314" status="PASS">
          <params>
            <param index="0">
              <value>
                <![CDATA[[TestResult name=createNewManageNews status=SUCCESS method=ManageNewsTest.createNewManageNews()[pri:0, instance:testscript.ManageNewsTest@46d59067] output={null}]]]>
              </value>
            </param>
          </params>
          <reporter-output>
          </reporter-output>
        </test-method> <!-- browserQuit -->
      </class> <!-- testscript.ManageNewsTest -->
    </test> <!-- Test -->
  </suite> <!-- Suite -->
</testng-results>
