<?xml version="1.0" encoding="UTF-8"?>
<!-- Generated by org.testng.reporters.JUnitReportReporter -->
<testsuite hostname="JIJIN" failures="0" tests="3" name="testscript.LoginTest" time="12.216" errors="0" timestamp="2026-07-16T23:56:20 IST" skipped="0">
  <testcase classname="testscript.LoginTest" name="verifyUserIsNotAbleToLoginWithInvalidPassword" time="4.191"/>
  <testcase classname="testscript.LoginTest" name="verifyUserIsNotAbleToLoginWithInvalidEmail" time="3.264"/>
  <testcase classname="testscript.LoginTest" name="verifyUserIsNotAbleToLoginWithInvalidCredentials" time="4.761"/>
</testsuite> <!-- testscript.LoginTest -->
