<?xml version="1.0" encoding="UTF-8"?>
<!-- Generated by org.testng.reporters.JUnitReportReporter -->
<testsuite hostname="JIJIN" failures="0" tests="4" name="testscript.LoginTest" time="16.782" errors="0" timestamp="2026-07-21T14:13:35 IST" skipped="0">
  <testcase classname="testscript.LoginTest" name="verifyUserIsNotAbleToLoginWithInvalidEmail" time="3.381"/>
  <testcase classname="testscript.LoginTest" name="verifyUserIsNotAbleToLoginWithInvalidCredentials" time="3.413"/>
  <testcase classname="testscript.LoginTest" name="verifyUserIsNotAbleToLoginWithInvalidPassword" time="3.577"/>
  <testcase classname="testscript.LoginTest" name="verifyUserIsAbleToLoginWithValidCredentials" time="6.411"/>
</testsuite> <!-- testscript.LoginTest -->
